<?xml version="1.0" encoding="UTF-8"?>
<!-- Generated by org.testng.reporters.JUnitReportReporter -->
<testsuite hostname="Radhe-Krishna" failures="0" tests="1" name="Selenium.LoginInApplicationBySingleStatement" time="9.073" errors="0" timestamp="2023-10-28T09:38:29 IST" skipped="0">
  <testcase classname="Selenium.LoginInApplicationBySingleStatement" name="loginSingleStatement" time="9.073"/>
</testsuite> <!-- Selenium.LoginInApplicationBySingleStatement -->
