<?xml version="1.0" encoding="UTF-8"?>
<!-- Generated by org.testng.reporters.JUnitReportReporter -->
<testsuite hostname="Radhe-Krishna" failures="0" tests="1" name="Selenium.openLinkInAnotherTab" time="34.023" errors="0" timestamp="2023-10-28T09:38:29 IST" skipped="0">
  <testcase classname="Selenium.openLinkInAnotherTab" name="newTab" time="34.023"/>
</testsuite> <!-- Selenium.openLinkInAnotherTab -->
