<?xml version="1.0" encoding="UTF-8"?>
<!-- Generated by org.testng.reporters.JUnitReportReporter -->
<testsuite hostname="Radhe-Krishna" failures="0" tests="1" name="Selenium.BootStrapDropDown" time="45.591" errors="0" timestamp="2023-10-28T13:11:28 IST" skipped="0">
  <testcase classname="Selenium.BootStrapDropDown" name="navigation" time="45.591"/>
</testsuite> <!-- Selenium.BootStrapDropDown -->
