<?xml version="1.0" encoding="UTF-8"?>
<!-- Generated by org.testng.reporters.JUnitReportReporter -->
<testsuite hostname="Radhe-Krishna" failures="0" tests="1" name="Selenium.HandleBrowserWindow" time="31.818" errors="0" timestamp="2023-10-30T14:22:38 IST" skipped="0">
  <testcase classname="Selenium.HandleBrowserWindow" name="windowHandle" time="31.818"/>
</testsuite> <!-- Selenium.HandleBrowserWindow -->
