<?xml version="1.0" encoding="UTF-8"?>
<!-- Generated by org.testng.reporters.JUnitReportReporter -->
<testsuite hostname="Radhe-Krishna" failures="0" tests="1" name="Selenium.openLinkInAnotherTab" time="14.827" errors="0" timestamp="2023-10-30T14:22:38 IST" skipped="0">
  <testcase classname="Selenium.openLinkInAnotherTab" name="newTab" time="14.827"/>
</testsuite> <!-- Selenium.openLinkInAnotherTab -->
