<?xml version="1.0" encoding="UTF-8"?>
<!-- Generated by org.testng.reporters.JUnitReportReporter -->
<testsuite hostname="Radhe-Krishna" failures="0" tests="1" name="Selenium.LoginInApplicationBySingleStatement" time="7.479" errors="0" timestamp="2023-10-30T14:22:38 IST" skipped="0">
  <testcase classname="Selenium.LoginInApplicationBySingleStatement" name="loginSingleStatement" time="7.479"/>
</testsuite> <!-- Selenium.LoginInApplicationBySingleStatement -->
